<?xml version="1.0" encoding="UTF-8"?>
<!-- Generated by org.testng.reporters.JUnitReportReporter -->
<testsuite skipped="0" hostname="LAPTOP-V4BF9BK8" name="testcases.LoginTest" tests="4" failures="0" timestamp="2021-12-16T16:57:45 EST" time="15.271" errors="0">
  <testcase name="invalidLoginErrorMessageValidation" time="3.423" classname="testcases.LoginTest"/>
  <system-out/>
  <testcase name="invalidLoginErrorMessageValidation" time="5.399" classname="testcases.LoginTest"/>
  <system-out/>
  <testcase name="invalidLoginErrorMessageValidation" time="3.328" classname="testcases.LoginTest"/>
  <system-out/>
  <testcase name="invalidLoginErrorMessageValidation" time="3.121" classname="testcases.LoginTest"/>
  <system-out/>
</testsuite> <!-- testcases.LoginTest -->
